Determining if the pthread_create exist failed with the following output:
Change Dir: /home/laser/Desktop/LASER-fluxograma-e-robos/Simulador/ProjetoRemoteApi/build/CMakeFiles/CMakeTmp

Run Build Command:"/usr/bin/make" "cmTC_6a59e/fast"
/usr/bin/make -f CMakeFiles/cmTC_6a59e.dir/build.make CMakeFiles/cmTC_6a59e.dir/build
make[1]: Entering directory '/home/laser/Desktop/LASER-fluxograma-e-robos/Simulador/ProjetoRemoteApi/build/CMakeFiles/CMakeTmp'
Building C object CMakeFiles/cmTC_6a59e.dir/CheckSymbolExists.c.o
/usr/bin/cc    -o CMakeFiles/cmTC_6a59e.dir/CheckSymbolExists.c.o   -c /home/laser/Desktop/LASER-fluxograma-e-robos/Simulador/ProjetoRemoteApi/build/CMakeFiles/CMakeTmp/CheckSymbolExists.c
Linking C executable cmTC_6a59e
/usr/local/bin/cmake -E cmake_link_script CMakeFiles/cmTC_6a59e.dir/link.txt --verbose=1
/usr/bin/cc      -rdynamic CMakeFiles/cmTC_6a59e.dir/CheckSymbolExists.c.o  -o cmTC_6a59e 
CMakeFiles/cmTC_6a59e.dir/CheckSymbolExists.c.o: In function `main':
CheckSymbolExists.c:(.text+0x16): undefined reference to `pthread_create'
collect2: error: ld returned 1 exit status
CMakeFiles/cmTC_6a59e.dir/build.make:86: recipe for target 'cmTC_6a59e' failed
make[1]: *** [cmTC_6a59e] Error 1
make[1]: Leaving directory '/home/laser/Desktop/LASER-fluxograma-e-robos/Simulador/ProjetoRemoteApi/build/CMakeFiles/CMakeTmp'
Makefile:126: recipe for target 'cmTC_6a59e/fast' failed
make: *** [cmTC_6a59e/fast] Error 2

File /home/laser/Desktop/LASER-fluxograma-e-robos/Simulador/ProjetoRemoteApi/build/CMakeFiles/CMakeTmp/CheckSymbolExists.c:
/* */
#include <pthread.h>

int main(int argc, char** argv)
{
  (void)argv;
#ifndef pthread_create
  return ((int*)(&pthread_create))[argc];
#else
  (void)argc;
  return 0;
#endif
}

Determining if the function pthread_create exists in the pthreads failed with the following output:
Change Dir: /home/laser/Desktop/LASER-fluxograma-e-robos/Simulador/ProjetoRemoteApi/build/CMakeFiles/CMakeTmp

Run Build Command:"/usr/bin/make" "cmTC_a3a1a/fast"
/usr/bin/make -f CMakeFiles/cmTC_a3a1a.dir/build.make CMakeFiles/cmTC_a3a1a.dir/build
make[1]: Entering directory '/home/laser/Desktop/LASER-fluxograma-e-robos/Simulador/ProjetoRemoteApi/build/CMakeFiles/CMakeTmp'
Building C object CMakeFiles/cmTC_a3a1a.dir/CheckFunctionExists.c.o
/usr/bin/cc   -DCHECK_FUNCTION_EXISTS=pthread_create   -o CMakeFiles/cmTC_a3a1a.dir/CheckFunctionExists.c.o   -c /usr/local/share/cmake-3.11/Modules/CheckFunctionExists.c
Linking C executable cmTC_a3a1a
/usr/local/bin/cmake -E cmake_link_script CMakeFiles/cmTC_a3a1a.dir/link.txt --verbose=1
/usr/bin/cc  -DCHECK_FUNCTION_EXISTS=pthread_create    -rdynamic CMakeFiles/cmTC_a3a1a.dir/CheckFunctionExists.c.o  -o cmTC_a3a1a -lpthreads 
/usr/bin/ld: cannot find -lpthreads
collect2: error: ld returned 1 exit status
CMakeFiles/cmTC_a3a1a.dir/build.make:86: recipe for target 'cmTC_a3a1a' failed
make[1]: *** [cmTC_a3a1a] Error 1
make[1]: Leaving directory '/home/laser/Desktop/LASER-fluxograma-e-robos/Simulador/ProjetoRemoteApi/build/CMakeFiles/CMakeTmp'
Makefile:126: recipe for target 'cmTC_a3a1a/fast' failed
make: *** [cmTC_a3a1a/fast] Error 2


