Determining if the pthread_create exist failed with the following output:
Change Dir: /home/laser/Desktop/LASER-fluxograma-e-robos/fluxprog/ProjetoRemoteApi/build/CMakeFiles/CMakeTmp

Run Build Command:"/usr/bin/make" "cmTC_14af4/fast"
/usr/bin/make -f CMakeFiles/cmTC_14af4.dir/build.make CMakeFiles/cmTC_14af4.dir/build
make[1]: Entering directory '/home/laser/Desktop/LASER-fluxograma-e-robos/fluxprog/ProjetoRemoteApi/build/CMakeFiles/CMakeTmp'
Building C object CMakeFiles/cmTC_14af4.dir/CheckSymbolExists.c.o
/usr/bin/cc    -o CMakeFiles/cmTC_14af4.dir/CheckSymbolExists.c.o   -c /home/laser/Desktop/LASER-fluxograma-e-robos/fluxprog/ProjetoRemoteApi/build/CMakeFiles/CMakeTmp/CheckSymbolExists.c
Linking C executable cmTC_14af4
/usr/local/bin/cmake -E cmake_link_script CMakeFiles/cmTC_14af4.dir/link.txt --verbose=1
/usr/bin/cc      -rdynamic CMakeFiles/cmTC_14af4.dir/CheckSymbolExists.c.o  -o cmTC_14af4 
CMakeFiles/cmTC_14af4.dir/CheckSymbolExists.c.o: In function `main':
CheckSymbolExists.c:(.text+0x16): undefined reference to `pthread_create'
collect2: error: ld returned 1 exit status
CMakeFiles/cmTC_14af4.dir/build.make:86: recipe for target 'cmTC_14af4' failed
make[1]: *** [cmTC_14af4] Error 1
make[1]: Leaving directory '/home/laser/Desktop/LASER-fluxograma-e-robos/fluxprog/ProjetoRemoteApi/build/CMakeFiles/CMakeTmp'
Makefile:126: recipe for target 'cmTC_14af4/fast' failed
make: *** [cmTC_14af4/fast] Error 2

File /home/laser/Desktop/LASER-fluxograma-e-robos/fluxprog/ProjetoRemoteApi/build/CMakeFiles/CMakeTmp/CheckSymbolExists.c:
/* */
#include <pthread.h>

int main(int argc, char** argv)
{
  (void)argv;
#ifndef pthread_create
  return ((int*)(&pthread_create))[argc];
#else
  (void)argc;
  return 0;
#endif
}

Determining if the function pthread_create exists in the pthreads failed with the following output:
Change Dir: /home/laser/Desktop/LASER-fluxograma-e-robos/fluxprog/ProjetoRemoteApi/build/CMakeFiles/CMakeTmp

Run Build Command:"/usr/bin/make" "cmTC_f1da6/fast"
/usr/bin/make -f CMakeFiles/cmTC_f1da6.dir/build.make CMakeFiles/cmTC_f1da6.dir/build
make[1]: Entering directory '/home/laser/Desktop/LASER-fluxograma-e-robos/fluxprog/ProjetoRemoteApi/build/CMakeFiles/CMakeTmp'
Building C object CMakeFiles/cmTC_f1da6.dir/CheckFunctionExists.c.o
/usr/bin/cc   -DCHECK_FUNCTION_EXISTS=pthread_create   -o CMakeFiles/cmTC_f1da6.dir/CheckFunctionExists.c.o   -c /usr/local/share/cmake-3.11/Modules/CheckFunctionExists.c
Linking C executable cmTC_f1da6
/usr/local/bin/cmake -E cmake_link_script CMakeFiles/cmTC_f1da6.dir/link.txt --verbose=1
/usr/bin/cc  -DCHECK_FUNCTION_EXISTS=pthread_create    -rdynamic CMakeFiles/cmTC_f1da6.dir/CheckFunctionExists.c.o  -o cmTC_f1da6 -lpthreads 
/usr/bin/ld: cannot find -lpthreads
collect2: error: ld returned 1 exit status
CMakeFiles/cmTC_f1da6.dir/build.make:86: recipe for target 'cmTC_f1da6' failed
make[1]: *** [cmTC_f1da6] Error 1
make[1]: Leaving directory '/home/laser/Desktop/LASER-fluxograma-e-robos/fluxprog/ProjetoRemoteApi/build/CMakeFiles/CMakeTmp'
Makefile:126: recipe for target 'cmTC_f1da6/fast' failed
make: *** [cmTC_f1da6/fast] Error 2


